[{"_raw":"05/18/2021 08:00:00 AM\r\nLogName=Security\r\nSourceName=Microsoft Windows security auditing.\r\nEventCode=4688\r\nEventType=0\r\nType=Information\r\nComputerName=host.acme.com\r\nTaskCategory=Process Creation\r\nOpCode=Info\r\nRecordNumber=7901151\r\nKeywords=Audit Success\r\nMessage=A new process has been created.\r\r\n\r\r\nCreator Subject:\r\r\n\tSecurity ID:\t\tS-1-5-18\r\r\n\tAccount Name:\t\tMSKRNSTWFCQAS51$\r\r\n\tAccount Domain:\t\tacme\r\r\n\tLogon ID:\t\t0x3E7\r\r\n\r\r\nTarget Subject:\r\r\n\tSecurity ID:\t\tS-1-0-0\r\r\n\tAccount Name:\t\t-\r\r\n\tAccount Domain:\t\t-\r\r\n\tLogon ID:\t\t0x0\r\r\n\r\r\nProcess Information:\r\r\n\tNew Process ID:\t\t0x124c\r\r\n\tNew Process Name:\tC:\\Windows\\SysWOW64\\xcopy.exe\r\r\n\tToken Elevation Type:\t%%1936\r\r\n\tMandatory Label:\t\tS-1-16-16384\r\r\n\tCreator Process ID:\t0x1844\r\r\n\tCreator Process Name:\tC:\\Windows\\SysWOW64\\cmd.exe\r\r\n\tProcess Command Line:\txcopy  /y patch-lists ..\\..\\Patch\\\r\r\n\r\r\nToken Elevation Type indicates the type of token that was assigned to the new process in accordance with User Account Control policy.\r\r\n\r\r\nType 1 is a full token with no privileges removed or groups disabled.  A full token is only used if User Account Control is disabled or if the user is the built-in Administrator account or a service account.\r\r\n\r\r\nType 2 is an elevated token with no privileges removed or groups disabled.  An elevated token is used when User Account Control is enabled and the user chooses to start the program using Run as administrator.  An elevated token is also used when an application is configured to always require administrative privilege or to always require maximum privilege, and the user is a member of the Administrators group.\r\r\n\r\r\nType 3 is a limited token with administrative privileges removed and administrative groups disabled.  The limited token is used when User Account Control is enabled, the application does not require administrative privilege, and the user does not choose to start the program using Run as administrator.","_time":1621342800,"cribl_breaker":"Break on newlines"},{"_raw":"05/18/2021 08:00:00 AM\r\nLogName=Security\r\nSourceName=Microsoft Windows security auditing.\r\nEventCode=4688\r\nEventType=0\r\nType=Information\r\nComputerName=host.acme.com\r\nTaskCategory=Process Creation\r\nOpCode=Info\r\nRecordNumber=57285993\r\nKeywords=Audit Success\r\nMessage=A new process has been created.\r\r\n\r\r\nCreator Subject:\r\r\n\tSecurity ID:\t\tS-1-5-18\r\r\n\tAccount Name:\t\tMSAPPDARTDEV013$\r\r\n\tAccount Domain:\t\tacme\r\r\n\tLogon ID:\t\t0x3E7\r\r\n\r\r\nTarget Subject:\r\r\n\tSecurity ID:\t\tS-1-0-0\r\r\n\tAccount Name:\t\t-\r\r\n\tAccount Domain:\t\t-\r\r\n\tLogon ID:\t\t0x0\r\r\n\r\r\nProcess Information:\r\r\n\tNew Process ID:\t\t0x1294\r\r\n\tNew Process Name:\tC:\\Program Files (x86)\\Tanium\\Tanium Client\\TaniumClient.exe\r\r\n\tToken Elevation Type:\tTokenElevationTypeDefault (1)\r\r\n\tCreator Process ID:\t0xaec\r\r\n\tProcess Command Line:\t\"C:\\Program Files (x86)\\Tanium\\Tanium Client\\TaniumClient.exe\" -a\r\r\n\r\r\nToken Elevation Type indicates the type of token that was assigned to the new process in accordance with User Account Control policy.\r\r\n\r\r\nType 1 is a full token with no privileges removed or groups disabled.  A full token is only used if User Account Control is disabled or if the user is the built-in Administrator account or a service account.\r\r\n\r\r\nType 2 is an elevated token with no privileges removed or groups disabled.  An elevated token is used when User Account Control is enabled and the user chooses to start the program using Run as administrator.  An elevated token is also used when an application is configured to always require administrative privilege or to always require maximum privilege, and the user is a member of the Administrators group.\r\r\n\r\r\nType 3 is a limited token with administrative privileges removed and administrative groups disabled.  The limited token is used when User Account Control is enabled, the application does not require administrative privilege, and the user does not choose to start the program using Run as administrator.","_time":1621342800,"cribl_breaker":"Break on newlines"},{"_raw":"05/18/2021 08:00:00 AM\r\nLogName=Security\r\nSourceName=Microsoft Windows security auditing.\r\nEventCode=4688\r\nEventType=0\r\nType=Information\r\nComputerName=host.acme.com\r\nTaskCategory=Process Creation\r\nOpCode=Info\r\nRecordNumber=198227973\r\nKeywords=Audit Success\r\nMessage=A new process has been created.\r\r\n\r\r\nCreator Subject:\r\r\n\tSecurity ID:\t\tS-1-5-18\r\r\n\tAccount Name:\t\tMSAPPHPPCPRF002$\r\r\n\tAccount Domain:\t\tacme\r\r\n\tLogon ID:\t\t0x3E7\r\r\n\r\r\nTarget Subject:\r\r\n\tSecurity ID:\t\tS-1-0-0\r\r\n\tAccount Name:\t\t-\r\r\n\tAccount Domain:\t\t-\r\r\n\tLogon ID:\t\t0x0\r\r\n\r\r\nProcess Information:\r\r\n\tNew Process ID:\t\t0x534\r\r\n\tNew Process Name:\tC:\\Program Files (x86)\\Tanium\\Tanium Client\\TaniumClient.exe\r\r\n\tToken Elevation Type:\tTokenElevationTypeDefault (1)\r\r\n\tCreator Process ID:\t0x20a8\r\r\n\tProcess Command Line:\t\"C:\\Program Files (x86)\\Tanium\\Tanium Client\\TaniumClient.exe\" -a\r\r\n\r\r\nToken Elevation Type indicates the type of token that was assigned to the new process in accordance with User Account Control policy.\r\r\n\r\r\nType 1 is a full token with no privileges removed or groups disabled.  A full token is only used if User Account Control is disabled or if the user is the built-in Administrator account or a service account.\r\r\n\r\r\nType 2 is an elevated token with no privileges removed or groups disabled.  An elevated token is used when User Account Control is enabled and the user chooses to start the program using Run as administrator.  An elevated token is also used when an application is configured to always require administrative privilege or to always require maximum privilege, and the user is a member of the Administrators group.\r\r\n\r\r\nType 3 is a limited token with administrative privileges removed and administrative groups disabled.  The limited token is used when User Account Control is enabled, the application does not require administrative privilege, and the user does not choose to start the program using Run as administrator.","_time":1621342800,"cribl_breaker":"Break on newlines"},{"_raw":"05/18/2021 08:00:00 AM\r\nLogName=Security\r\nSourceName=Microsoft Windows security auditing.\r\nEventCode=4688\r\nEventType=0\r\nType=Information\r\nComputerName=host.acme.com\r\nTaskCategory=Process Creation\r\nOpCode=Info\r\nRecordNumber=33837186\r\nKeywords=Audit Success\r\nMessage=A new process has been created.\r\r\n\r\r\nCreator Subject:\r\r\n\tSecurity ID:\t\tS-1-5-18\r\r\n\tAccount Name:\t\tMSAPPDARTDEV028$\r\r\n\tAccount Domain:\t\tacme\r\r\n\tLogon ID:\t\t0x3E7\r\r\n\r\r\nTarget Subject:\r\r\n\tSecurity ID:\t\tS-1-0-0\r\r\n\tAccount Name:\t\t-\r\r\n\tAccount Domain:\t\t-\r\r\n\tLogon ID:\t\t0x0\r\r\n\r\r\nProcess Information:\r\r\n\tNew Process ID:\t\t0x1dc\r\r\n\tNew Process Name:\tC:\\Program Files (x86)\\Tanium\\Tanium Client\\TaniumClient.exe\r\r\n\tToken Elevation Type:\tTokenElevationTypeDefault (1)\r\r\n\tCreator Process ID:\t0x12f4\r\r\n\tProcess Command Line:\t\"C:\\Program Files (x86)\\Tanium\\Tanium Client\\TaniumClient.exe\" -a\r\r\n\r\r\nToken Elevation Type indicates the type of token that was assigned to the new process in accordance with User Account Control policy.\r\r\n\r\r\nType 1 is a full token with no privileges removed or groups disabled.  A full token is only used if User Account Control is disabled or if the user is the built-in Administrator account or a service account.\r\r\n\r\r\nType 2 is an elevated token with no privileges removed or groups disabled.  An elevated token is used when User Account Control is enabled and the user chooses to start the program using Run as administrator.  An elevated token is also used when an application is configured to always require administrative privilege or to always require maximum privilege, and the user is a member of the Administrators group.\r\r\n\r\r\nType 3 is a limited token with administrative privileges removed and administrative groups disabled.  The limited token is used when User Account Control is enabled, the application does not require administrative privilege, and the user does not choose to start the program using Run as administrator.","_time":1621342800,"cribl_breaker":"Break on newlines"},{"_raw":"05/18/2021 08:00:00 AM\r\nLogName=Security\r\nSourceName=Microsoft Windows security auditing.\r\nEventCode=4688\r\nEventType=0\r\nType=Information\r\nComputerName=host.acme.com\r\nTaskCategory=Process Creation\r\nOpCode=Info\r\nRecordNumber=33837187\r\nKeywords=Audit Success\r\nMessage=A new process has been created.\r\r\n\r\r\nCreator Subject:\r\r\n\tSecurity ID:\t\tS-1-5-18\r\r\n\tAccount Name:\t\tMSAPPDARTDEV028$\r\r\n\tAccount Domain:\t\tacme\r\r\n\tLogon ID:\t\t0x3E7\r\r\n\r\r\nTarget Subject:\r\r\n\tSecurity ID:\t\tS-1-0-0\r\r\n\tAccount Name:\t\t-\r\r\n\tAccount Domain:\t\t-\r\r\n\tLogon ID:\t\t0x0\r\r\n\r\r\nProcess Information:\r\r\n\tNew Process ID:\t\t0x110\r\r\n\tNew Process Name:\tC:\\Windows\\System32\\cmd.exe\r\r\n\tToken Elevation Type:\tTokenElevationTypeDefault (1)\r\r\n\tCreator Process ID:\t0xc4c\r\r\n\tProcess Command Line:\tC:\\WINDOWS\\system32\\cmd.exe /c \"C:\\Program Files (x86)\\MicroStrategy\\Services Registration\\bin\\check-mobile.bat\"\r\r\n\r\r\nToken Elevation Type indicates the type of token that was assigned to the new process in accordance with User Account Control policy.\r\r\n\r\r\nType 1 is a full token with no privileges removed or groups disabled.  A full token is only used if User Account Control is disabled or if the user is the built-in Administrator account or a service account.\r\r\n\r\r\nType 2 is an elevated token with no privileges removed or groups disabled.  An elevated token is used when User Account Control is enabled and the user chooses to start the program using Run as administrator.  An elevated token is also used when an application is configured to always require administrative privilege or to always require maximum privilege, and the user is a member of the Administrators group.\r\r\n\r\r\nType 3 is a limited token with administrative privileges removed and administrative groups disabled.  The limited token is used when User Account Control is enabled, the application does not require administrative privilege, and the user does not choose to start the program using Run as administrator.","_time":1621342800,"cribl_breaker":"Break on newlines"}]