[{"_raw":"<Event xmlns='http://schemas.microsoft.com/win/2004/08/events/event'><System><Provider Name='Microsoft-Windows-Security-Auditing' Guid='{54849625-5478-9876-A1B2-3E3B0328C30D}'/><EventID>4625</EventID><Version>0</Version><Level>0</Level><Task>12544</Task><Opcode>0</Opcode><Keywords>0x8010000000000000</Keywords><TimeCreated SystemTime='2020-05-18T08:00:00.000000000Z'/><EventRecordID>1598720</EventRecordID><Correlation/><Execution ProcessID='740' ThreadID='948'/><Channel>Security</Channel><Computer>host.acme.com</Computer><Security/></System><EventData><Data Name='SubjectUserSid'>S-1-0-0</Data><Data Name='SubjectUserName'>-</Data><Data Name='SubjectDomainName'>-</Data><Data Name='SubjectLogonId'>0x0</Data><Data Name='TargetUserSid'>S-1-0-0</Data><Data Name='TargetUserName'>ADMINISTRATOR</Data><Data Name='TargetDomainName'></Data><Data Name='Status'>0xc000006d</Data><Data Name='FailureReason'>%%2313</Data><Data Name='SubStatus'>0xc000006a</Data><Data Name='LogonType'>3</Data><Data Name='LogonProcessName'>NtLmSsp </Data><Data Name='AuthenticationPackageName'>NTLM</Data><Data Name='WorkstationName'>-</Data><Data Name='TransmittedServices'>-</Data><Data Name='LmPackageName'>-</Data><Data Name='KeyLength'>0</Data><Data Name='ProcessId'>0x0</Data><Data Name='ProcessName'>-</Data><Data Name='IpAddress'>127.0.0.1</Data><Data Name='IpPort'>0</Data></EventData></Event>","_time":1621342800,"cribl_breaker":"Break on newlines"},{"_raw":"<Event xmlns='http://schemas.microsoft.com/win/2004/08/events/event'><System><Provider Name='Microsoft-Windows-Security-Auditing' Guid='{54849625-5478-9876-A1B2-3E3B0328C30D}'/><EventID>4672</EventID><Version>0</Version><Level>0</Level><Task>12548</Task><Opcode>0</Opcode><Keywords>0x8020000000000000</Keywords><TimeCreated SystemTime='2020-05-18T08:00:00.000000000Z'/><EventRecordID>1598721</EventRecordID><Correlation/><Execution ProcessID='740' ThreadID='2508'/><Channel>Security</Channel><Computer>host.acme.com</Computer><Security/></System><EventData><Data Name='SubjectUserSid'>S-1-5-18</Data><Data Name='SubjectUserName'>EC2AMAZ-CPMK6J5$</Data><Data Name='SubjectDomainName'>ACME</Data><Data Name='SubjectLogonId'>0xa58ba5</Data><Data Name='PrivilegeList'>SeSecurityPrivilege\n            SeBackupPrivilege\n            SeRestorePrivilege\n            SeTakeOwnershipPrivilege\n            SeDebugPrivilege\n            SeSystemEnvironmentPrivilege\n            SeLoadDriverPrivilege\n            SeImpersonatePrivilege\n            SeDelegateSessionUserImpersonatePrivilege\n            SeEnableDelegationPrivilege</Data></EventData></Event>","_time":1621342800,"cribl_breaker":"Break on newlines"},{"_raw":"<Event xmlns='http://schemas.microsoft.com/win/2004/08/events/event'><System><Provider Name='Microsoft-Windows-Security-Auditing' Guid='{54849625-5478-9876-A1B2-3E3B0328C30D}'/><EventID>4624</EventID><Version>2</Version><Level>0</Level><Task>12544</Task><Opcode>0</Opcode><Keywords>0x8020000000000000</Keywords><TimeCreated SystemTime='2020-05-18T08:00:00.000000000Z'/><EventRecordID>1598722</EventRecordID><Correlation/><Execution ProcessID='740' ThreadID='2508'/><Channel>Security</Channel><Computer>host.acme.com</Computer><Security/></System><EventData><Data Name='SubjectUserSid'>S-1-0-0</Data><Data Name='SubjectUserName'>-</Data><Data Name='SubjectDomainName'>-</Data><Data Name='SubjectLogonId'>0x0</Data><Data Name='TargetUserSid'>S-1-5-18</Data><Data Name='TargetUserName'>JSMITH</Data><Data Name='TargetDomainName'>ACME.POC</Data><Data Name='TargetLogonId'>0xa58ba5</Data><Data Name='LogonType'>3</Data><Data Name='LogonProcessName'>Kerberos</Data><Data Name='AuthenticationPackageName'>Kerberos</Data><Data Name='WorkstationName'>-</Data><Data Name='LogonGuid'>{A9F7AB8C-F5DA-B736-AF84-F1A02DFA3FA4}</Data><Data Name='TransmittedServices'>-</Data><Data Name='LmPackageName'>-</Data><Data Name='KeyLength'>0</Data><Data Name='ProcessId'>0x0</Data><Data Name='ProcessName'>-</Data><Data Name='IpAddress'>::1</Data><Data Name='IpPort'>51932</Data><Data Name='ImpersonationLevel'>%%1833</Data><Data Name='RestrictedAdminMode'>-</Data><Data Name='TargetOutboundUserName'>-</Data><Data Name='TargetOutboundDomainName'>-</Data><Data Name='VirtualAccount'>%%1843</Data><Data Name='TargetLinkedLogonId'>0x0</Data><Data Name='ElevatedToken'>%%1842</Data></EventData></Event>","_time":1621342800,"cribl_breaker":"Break on newlines"},{"_raw":"<Event xmlns='http://schemas.microsoft.com/win/2004/08/events/event'><System><Provider Name='Microsoft-Windows-Security-Auditing' Guid='{54849625-5478-9876-A1B2-3E3B0328C30D}'/><EventID>4634</EventID><Version>0</Version><Level>0</Level><Task>12545</Task><Opcode>0</Opcode><Keywords>0x8020000000000000</Keywords><TimeCreated SystemTime='2020-05-18T08:00:00.000000000Z'/><EventRecordID>1598723</EventRecordID><Correlation/><Execution ProcessID='740' ThreadID='780'/><Channel>Security</Channel><Computer>host.acme.com</Computer><Security/></System><EventData><Data Name='TargetUserSid'>S-1-5-18</Data><Data Name='TargetUserName'>JSMITH</Data><Data Name='TargetDomainName'>ACME</Data><Data Name='TargetLogonId'>0xa58ba5</Data><Data Name='LogonType'>3</Data></EventData></Event>","_time":1621342800,"cribl_breaker":"Break on newlines"},{"_raw":"<Event xmlns='http://schemas.microsoft.com/win/2004/08/events/event'><System><Provider Name='Microsoft-Windows-Security-Auditing' Guid='{54849625-5478-9876-A1B2-3E3B0328C30D}'/><EventID>4625</EventID><Version>0</Version><Level>0</Level><Task>12544</Task><Opcode>0</Opcode><Keywords>0x8010000000000000</Keywords><TimeCreated SystemTime='2020-05-18T08:00:00.000000000Z'/><EventRecordID>1598724</EventRecordID><Correlation/><Execution ProcessID='740' ThreadID='948'/><Channel>Security</Channel><Computer>host.acme.com</Computer><Security/></System><EventData><Data Name='SubjectUserSid'>S-1-0-0</Data><Data Name='SubjectUserName'>-</Data><Data Name='SubjectDomainName'>-</Data><Data Name='SubjectLogonId'>0x0</Data><Data Name='TargetUserSid'>S-1-0-0</Data><Data Name='TargetUserName'>SCAN</Data><Data Name='TargetDomainName'></Data><Data Name='Status'>0xc000006d</Data><Data Name='FailureReason'>%%2313</Data><Data Name='SubStatus'>0xc0000064</Data><Data Name='LogonType'>3</Data><Data Name='LogonProcessName'>NtLmSsp </Data><Data Name='AuthenticationPackageName'>NTLM</Data><Data Name='WorkstationName'>-</Data><Data Name='TransmittedServices'>-</Data><Data Name='LmPackageName'>-</Data><Data Name='KeyLength'>0</Data><Data Name='ProcessId'>0x0</Data><Data Name='ProcessName'>-</Data><Data Name='IpAddress'>127.0.0.1</Data><Data Name='IpPort'>0</Data></EventData></Event>","_time":1621342800,"cribl_breaker":"Break on newlines"}]